<?xml version="1.0" encoding="UTF-8"?>
<testsuite xmlns:xsi="http://www.w3.org/2001/XMLSchema-instance" xsi:noNamespaceSchemaLocation="https://maven.apache.org/surefire/maven-surefire-plugin/xsd/surefire-test-report-3.0.xsd" version="3.0" name="com.example.jwtauthenticator.controller.AuthControllerIntegrationTest" time="62.935" tests="2" errors="0" skipped="0" failures="0">
  <properties>
    <property name="java.specification.version" value="21"/>
    <property name="sun.cpu.isalist" value="amd64"/>
    <property name="sun.jnu.encoding" value="Cp1252"/>
    <property name="java.class.path" value="d:\JWT_Authenticator_Project\target\test-classes;d:\JWT_Authenticator_Project\target\classes;C:\Users\tyedukondalu\.m2\repository\org\springframework\boot\spring-boot-starter-web\3.2.0\spring-boot-starter-web-3.2.0.jar;C:\Users\tyedukondalu\.m2\repository\org\springframework\boot\spring-boot-starter\3.2.0\spring-boot-starter-3.2.0.jar;C:\Users\tyedukondalu\.m2\repository\org\springframework\boot\spring-boot\3.2.0\spring-boot-3.2.0.jar;C:\Users\tyedukondalu\.m2\repository\org\springframework\boot\spring-boot-autoconfigure\3.2.0\spring-boot-autoconfigure-3.2.0.jar;C:\Users\tyedukondalu\.m2\repository\org\springframework\boot\spring-boot-starter-logging\3.2.0\spring-boot-starter-logging-3.2.0.jar;C:\Users\tyedukondalu\.m2\repository\ch\qos\logback\logback-classic\1.4.11\logback-classic-1.4.11.jar;C:\Users\tyedukondalu\.m2\repository\ch\qos\logback\logback-core\1.4.11\logback-core-1.4.11.jar;C:\Users\tyedukondalu\.m2\repository\org\apache\logging\log4j\log4j-to-slf4j\2.21.1\log4j-to-slf4j-2.21.1.jar;C:\Users\tyedukondalu\.m2\repository\org\apache\logging\log4j\log4j-api\2.21.1\log4j-api-2.21.1.jar;C:\Users\tyedukondalu\.m2\repository\org\slf4j\jul-to-slf4j\2.0.9\jul-to-slf4j-2.0.9.jar;C:\Users\tyedukondalu\.m2\repository\jakarta\annotation\jakarta.annotation-api\2.1.1\jakarta.annotation-api-2.1.1.jar;C:\Users\tyedukondalu\.m2\repository\org\yaml\snakeyaml\2.2\snakeyaml-2.2.jar;C:\Users\tyedukondalu\.m2\repository\org\springframework\boot\spring-boot-starter-json\3.2.0\spring-boot-starter-json-3.2.0.jar;C:\Users\tyedukondalu\.m2\repository\com\fasterxml\jackson\datatype\jackson-datatype-jdk8\2.15.3\jackson-datatype-jdk8-2.15.3.jar;C:\Users\tyedukondalu\.m2\repository\com\fasterxml\jackson\datatype\jackson-datatype-jsr310\2.15.3\jackson-datatype-jsr310-2.15.3.jar;C:\Users\tyedukondalu\.m2\repository\com\fasterxml\jackson\module\jackson-module-parameter-names\2.15.3\jackson-module-parameter-names-2.15.3.jar;C:\Users\tyedukondalu\.m2\repository\org\springframework\boot\spring-boot-starter-tomcat\3.2.0\spring-boot-starter-tomcat-3.2.0.jar;C:\Users\tyedukondalu\.m2\repository\org\apache\tomcat\embed\tomcat-embed-core\10.1.16\tomcat-embed-core-10.1.16.jar;C:\Users\tyedukondalu\.m2\repository\org\apache\tomcat\embed\tomcat-embed-websocket\10.1.16\tomcat-embed-websocket-10.1.16.jar;C:\Users\tyedukondalu\.m2\repository\org\springframework\spring-web\6.1.1\spring-web-6.1.1.jar;C:\Users\tyedukondalu\.m2\repository\org\springframework\spring-beans\6.1.1\spring-beans-6.1.1.jar;C:\Users\tyedukondalu\.m2\repository\org\springframework\spring-webmvc\6.1.1\spring-webmvc-6.1.1.jar;C:\Users\tyedukondalu\.m2\repository\org\springframework\spring-context\6.1.1\spring-context-6.1.1.jar;C:\Users\tyedukondalu\.m2\repository\org\springframework\spring-expression\6.1.1\spring-expression-6.1.1.jar;C:\Users\tyedukondalu\.m2\repository\org\springframework\boot\spring-boot-starter-security\3.2.0\spring-boot-starter-security-3.2.0.jar;C:\Users\tyedukondalu\.m2\repository\org\springframework\spring-aop\6.1.1\spring-aop-6.1.1.jar;C:\Users\tyedukondalu\.m2\repository\org\springframework\security\spring-security-config\6.2.0\spring-security-config-6.2.0.jar;C:\Users\tyedukondalu\.m2\repository\org\springframework\security\spring-security-web\6.2.0\spring-security-web-6.2.0.jar;C:\Users\tyedukondalu\.m2\repository\org\springframework\boot\spring-boot-starter-data-jpa\3.2.0\spring-boot-starter-data-jpa-3.2.0.jar;C:\Users\tyedukondalu\.m2\repository\org\springframework\boot\spring-boot-starter-jdbc\3.2.0\spring-boot-starter-jdbc-3.2.0.jar;C:\Users\tyedukondalu\.m2\repository\com\zaxxer\HikariCP\5.0.1\HikariCP-5.0.1.jar;C:\Users\tyedukondalu\.m2\repository\org\springframework\spring-jdbc\6.1.1\spring-jdbc-6.1.1.jar;C:\Users\tyedukondalu\.m2\repository\org\hibernate\orm\hibernate-core\6.3.1.Final\hibernate-core-6.3.1.Final.jar;C:\Users\tyedukondalu\.m2\repository\jakarta\persistence\jakarta.persistence-api\3.1.0\jakarta.persistence-api-3.1.0.jar;C:\Users\tyedukondalu\.m2\repository\jakarta\transaction\jakarta.transaction-api\2.0.1\jakarta.transaction-api-2.0.1.jar;C:\Users\tyedukondalu\.m2\repository\org\jboss\logging\jboss-logging\3.5.3.Final\jboss-logging-3.5.3.Final.jar;C:\Users\tyedukondalu\.m2\repository\org\hibernate\common\hibernate-commons-annotations\6.0.6.Final\hibernate-commons-annotations-6.0.6.Final.jar;C:\Users\tyedukondalu\.m2\repository\io\smallrye\jandex\3.1.2\jandex-3.1.2.jar;C:\Users\tyedukondalu\.m2\repository\com\fasterxml\classmate\1.6.0\classmate-1.6.0.jar;C:\Users\tyedukondalu\.m2\repository\net\bytebuddy\byte-buddy\1.14.10\byte-buddy-1.14.10.jar;C:\Users\tyedukondalu\.m2\repository\org\glassfish\jaxb\jaxb-runtime\4.0.4\jaxb-runtime-4.0.4.jar;C:\Users\tyedukondalu\.m2\repository\org\glassfish\jaxb\jaxb-core\4.0.4\jaxb-core-4.0.4.jar;C:\Users\tyedukondalu\.m2\repository\org\glassfish\jaxb\txw2\4.0.4\txw2-4.0.4.jar;C:\Users\tyedukondalu\.m2\repository\com\sun\istack\istack-commons-runtime\4.1.2\istack-commons-runtime-4.1.2.jar;C:\Users\tyedukondalu\.m2\repository\jakarta\inject\jakarta.inject-api\2.0.1\jakarta.inject-api-2.0.1.jar;C:\Users\tyedukondalu\.m2\repository\org\antlr\antlr4-runtime\4.10.1\antlr4-runtime-4.10.1.jar;C:\Users\tyedukondalu\.m2\repository\org\springframework\data\spring-data-jpa\3.2.0\spring-data-jpa-3.2.0.jar;C:\Users\tyedukondalu\.m2\repository\org\springframework\data\spring-data-commons\3.2.0\spring-data-commons-3.2.0.jar;C:\Users\tyedukondalu\.m2\repository\org\springframework\spring-orm\6.1.1\spring-orm-6.1.1.jar;C:\Users\tyedukondalu\.m2\repository\org\springframework\spring-tx\6.1.1\spring-tx-6.1.1.jar;C:\Users\tyedukondalu\.m2\repository\org\slf4j\slf4j-api\2.0.9\slf4j-api-2.0.9.jar;C:\Users\tyedukondalu\.m2\repository\org\springframework\spring-aspects\6.1.1\spring-aspects-6.1.1.jar;C:\Users\tyedukondalu\.m2\repository\org\springframework\boot\spring-boot-starter-validation\3.2.0\spring-boot-starter-validation-3.2.0.jar;C:\Users\tyedukondalu\.m2\repository\org\apache\tomcat\embed\tomcat-embed-el\10.1.16\tomcat-embed-el-10.1.16.jar;C:\Users\tyedukondalu\.m2\repository\org\hibernate\validator\hibernate-validator\8.0.1.Final\hibernate-validator-8.0.1.Final.jar;C:\Users\tyedukondalu\.m2\repository\jakarta\validation\jakarta.validation-api\3.0.2\jakarta.validation-api-3.0.2.jar;C:\Users\tyedukondalu\.m2\repository\org\springframework\boot\spring-boot-starter-mail\3.2.0\spring-boot-starter-mail-3.2.0.jar;C:\Users\tyedukondalu\.m2\repository\org\springframework\spring-context-support\6.1.1\spring-context-support-6.1.1.jar;C:\Users\tyedukondalu\.m2\repository\org\eclipse\angus\jakarta.mail\2.0.2\jakarta.mail-2.0.2.jar;C:\Users\tyedukondalu\.m2\repository\jakarta\activation\jakarta.activation-api\2.1.2\jakarta.activation-api-2.1.2.jar;C:\Users\tyedukondalu\.m2\repository\org\eclipse\angus\angus-activation\2.0.1\angus-activation-2.0.1.jar;C:\Users\tyedukondalu\.m2\repository\org\springframework\boot\spring-boot-starter-webflux\3.2.0\spring-boot-starter-webflux-3.2.0.jar;C:\Users\tyedukondalu\.m2\repository\org\springframework\boot\spring-boot-starter-reactor-netty\3.2.0\spring-boot-starter-reactor-netty-3.2.0.jar;C:\Users\tyedukondalu\.m2\repository\io\projectreactor\netty\reactor-netty-http\1.1.13\reactor-netty-http-1.1.13.jar;C:\Users\tyedukondalu\.m2\repository\io\netty\netty-codec-http\4.1.101.Final\netty-codec-http-4.1.101.Final.jar;C:\Users\tyedukondalu\.m2\repository\io\netty\netty-common\4.1.101.Final\netty-common-4.1.101.Final.jar;C:\Users\tyedukondalu\.m2\repository\io\netty\netty-buffer\4.1.101.Final\netty-buffer-4.1.101.Final.jar;C:\Users\tyedukondalu\.m2\repository\io\netty\netty-transport\4.1.101.Final\netty-transport-4.1.101.Final.jar;C:\Users\tyedukondalu\.m2\repository\io\netty\netty-codec\4.1.101.Final\netty-codec-4.1.101.Final.jar;C:\Users\tyedukondalu\.m2\repository\io\netty\netty-handler\4.1.101.Final\netty-handler-4.1.101.Final.jar;C:\Users\tyedukondalu\.m2\repository\io\netty\netty-codec-http2\4.1.101.Final\netty-codec-http2-4.1.101.Final.jar;C:\Users\tyedukondalu\.m2\repository\io\netty\netty-resolver-dns\4.1.101.Final\netty-resolver-dns-4.1.101.Final.jar;C:\Users\tyedukondalu\.m2\repository\io\netty\netty-resolver\4.1.101.Final\netty-resolver-4.1.101.Final.jar;C:\Users\tyedukondalu\.m2\repository\io\netty\netty-codec-dns\4.1.101.Final\netty-codec-dns-4.1.101.Final.jar;C:\Users\tyedukondalu\.m2\repository\io\netty\netty-resolver-dns-native-macos\4.1.101.Final\netty-resolver-dns-native-macos-4.1.101.Final-osx-x86_64.jar;C:\Users\tyedukondalu\.m2\repository\io\netty\netty-resolver-dns-classes-macos\4.1.101.Final\netty-resolver-dns-classes-macos-4.1.101.Final.jar;C:\Users\tyedukondalu\.m2\repository\io\netty\netty-transport-native-epoll\4.1.101.Final\netty-transport-native-epoll-4.1.101.Final-linux-x86_64.jar;C:\Users\tyedukondalu\.m2\repository\io\netty\netty-transport-native-unix-common\4.1.101.Final\netty-transport-native-unix-common-4.1.101.Final.jar;C:\Users\tyedukondalu\.m2\repository\io\netty\netty-transport-classes-epoll\4.1.101.Final\netty-transport-classes-epoll-4.1.101.Final.jar;C:\Users\tyedukondalu\.m2\repository\io\projectreactor\netty\reactor-netty-core\1.1.13\reactor-netty-core-1.1.13.jar;C:\Users\tyedukondalu\.m2\repository\io\netty\netty-handler-proxy\4.1.101.Final\netty-handler-proxy-4.1.101.Final.jar;C:\Users\tyedukondalu\.m2\repository\io\netty\netty-codec-socks\4.1.101.Final\netty-codec-socks-4.1.101.Final.jar;C:\Users\tyedukondalu\.m2\repository\org\springframework\spring-webflux\6.1.1\spring-webflux-6.1.1.jar;C:\Users\tyedukondalu\.m2\repository\io\projectreactor\reactor-core\3.6.0\reactor-core-3.6.0.jar;C:\Users\tyedukondalu\.m2\repository\org\reactivestreams\reactive-streams\1.0.4\reactive-streams-1.0.4.jar;C:\Users\tyedukondalu\.m2\repository\org\springframework\boot\spring-boot-starter-actuator\3.2.0\spring-boot-starter-actuator-3.2.0.jar;C:\Users\tyedukondalu\.m2\repository\org\springframework\boot\spring-boot-actuator-autoconfigure\3.2.0\spring-boot-actuator-autoconfigure-3.2.0.jar;C:\Users\tyedukondalu\.m2\repository\org\springframework\boot\spring-boot-actuator\3.2.0\spring-boot-actuator-3.2.0.jar;C:\Users\tyedukondalu\.m2\repository\io\micrometer\micrometer-observation\1.12.0\micrometer-observation-1.12.0.jar;C:\Users\tyedukondalu\.m2\repository\io\micrometer\micrometer-commons\1.12.0\micrometer-commons-1.12.0.jar;C:\Users\tyedukondalu\.m2\repository\io\micrometer\micrometer-jakarta9\1.12.0\micrometer-jakarta9-1.12.0.jar;C:\Users\tyedukondalu\.m2\repository\io\micrometer\micrometer-core\1.12.0\micrometer-core-1.12.0.jar;C:\Users\tyedukondalu\.m2\repository\org\hdrhistogram\HdrHistogram\2.1.12\HdrHistogram-2.1.12.jar;C:\Users\tyedukondalu\.m2\repository\org\latencyutils\LatencyUtils\2.0.3\LatencyUtils-2.0.3.jar;C:\Users\tyedukondalu\.m2\repository\org\postgresql\postgresql\42.6.0\postgresql-42.6.0.jar;C:\Users\tyedukondalu\.m2\repository\org\checkerframework\checker-qual\3.31.0\checker-qual-3.31.0.jar;C:\Users\tyedukondalu\.m2\repository\io\jsonwebtoken\jjwt-api\0.12.3\jjwt-api-0.12.3.jar;C:\Users\tyedukondalu\.m2\repository\io\jsonwebtoken\jjwt-impl\0.12.3\jjwt-impl-0.12.3.jar;C:\Users\tyedukondalu\.m2\repository\io\jsonwebtoken\jjwt-jackson\0.12.3\jjwt-jackson-0.12.3.jar;C:\Users\tyedukondalu\.m2\repository\com\fasterxml\jackson\core\jackson-databind\2.15.3\jackson-databind-2.15.3.jar;C:\Users\tyedukondalu\.m2\repository\com\fasterxml\jackson\core\jackson-annotations\2.15.3\jackson-annotations-2.15.3.jar;C:\Users\tyedukondalu\.m2\repository\com\fasterxml\jackson\core\jackson-core\2.15.3\jackson-core-2.15.3.jar;C:\Users\tyedukondalu\.m2\repository\org\springframework\boot\spring-boot-starter-aop\3.2.0\spring-boot-starter-aop-3.2.0.jar;C:\Users\tyedukondalu\.m2\repository\org\aspectj\aspectjweaver\1.9.20.1\aspectjweaver-1.9.20.1.jar;C:\Users\tyedukondalu\.m2\repository\org\projectlombok\lombok\1.18.30\lombok-1.18.30.jar;C:\Users\tyedukondalu\.m2\repository\com\warrenstrange\googleauth\1.1.4\googleauth-1.1.4.jar;C:\Users\tyedukondalu\.m2\repository\commons-codec\commons-codec\1.16.0\commons-codec-1.16.0.jar;C:\Users\tyedukondalu\.m2\repository\org\apache\httpcomponents\httpclient\4.5.3\httpclient-4.5.3.jar;C:\Users\tyedukondalu\.m2\repository\commons-logging\commons-logging\1.2\commons-logging-1.2.jar;C:\Users\tyedukondalu\.m2\repository\com\google\zxing\core\3.5.1\core-3.5.1.jar;C:\Users\tyedukondalu\.m2\repository\com\google\zxing\javase\3.5.1\javase-3.5.1.jar;C:\Users\tyedukondalu\.m2\repository\com\beust\jcommander\1.82\jcommander-1.82.jar;C:\Users\tyedukondalu\.m2\repository\com\github\jai-imageio\jai-imageio-core\1.4.0\jai-imageio-core-1.4.0.jar;C:\Users\tyedukondalu\.m2\repository\com\google\api-client\google-api-client\1.35.2\google-api-client-1.35.2.jar;C:\Users\tyedukondalu\.m2\repository\com\google\oauth-client\google-oauth-client\1.34.1\google-oauth-client-1.34.1.jar;C:\Users\tyedukondalu\.m2\repository\com\google\http-client\google-http-client-gson\1.42.0\google-http-client-gson-1.42.0.jar;C:\Users\tyedukondalu\.m2\repository\com\google\code\gson\gson\2.10.1\gson-2.10.1.jar;C:\Users\tyedukondalu\.m2\repository\com\google\guava\guava\31.1-jre\guava-31.1-jre.jar;C:\Users\tyedukondalu\.m2\repository\com\google\guava\failureaccess\1.0.1\failureaccess-1.0.1.jar;C:\Users\tyedukondalu\.m2\repository\com\google\guava\listenablefuture\9999.0-empty-to-avoid-conflict-with-guava\listenablefuture-9999.0-empty-to-avoid-conflict-with-guava.jar;C:\Users\tyedukondalu\.m2\repository\com\google\errorprone\error_prone_annotations\2.11.0\error_prone_annotations-2.11.0.jar;C:\Users\tyedukondalu\.m2\repository\com\google\j2objc\j2objc-annotations\1.3\j2objc-annotations-1.3.jar;C:\Users\tyedukondalu\.m2\repository\com\google\http-client\google-http-client-apache-v2\1.42.0\google-http-client-apache-v2-1.42.0.jar;C:\Users\tyedukondalu\.m2\repository\org\apache\httpcomponents\httpcore\4.4.16\httpcore-4.4.16.jar;C:\Users\tyedukondalu\.m2\repository\com\google\http-client\google-http-client\1.42.0\google-http-client-1.42.0.jar;C:\Users\tyedukondalu\.m2\repository\io\opencensus\opencensus-api\0.31.1\opencensus-api-0.31.1.jar;C:\Users\tyedukondalu\.m2\repository\io\grpc\grpc-context\1.27.2\grpc-context-1.27.2.jar;C:\Users\tyedukondalu\.m2\repository\io\opencensus\opencensus-contrib-http-util\0.31.1\opencensus-contrib-http-util-0.31.1.jar;C:\Users\tyedukondalu\.m2\repository\com\google\auth\google-auth-library-oauth2-http\1.19.0\google-auth-library-oauth2-http-1.19.0.jar;C:\Users\tyedukondalu\.m2\repository\com\google\auto\value\auto-value-annotations\1.10.1\auto-value-annotations-1.10.1.jar;C:\Users\tyedukondalu\.m2\repository\com\google\code\findbugs\jsr305\3.0.2\jsr305-3.0.2.jar;C:\Users\tyedukondalu\.m2\repository\com\google\auth\google-auth-library-credentials\1.19.0\google-auth-library-credentials-1.19.0.jar;C:\Users\tyedukondalu\.m2\repository\org\springdoc\springdoc-openapi-starter-webmvc-ui\2.2.0\springdoc-openapi-starter-webmvc-ui-2.2.0.jar;C:\Users\tyedukondalu\.m2\repository\org\springdoc\springdoc-openapi-starter-webmvc-api\2.2.0\springdoc-openapi-starter-webmvc-api-2.2.0.jar;C:\Users\tyedukondalu\.m2\repository\org\springdoc\springdoc-openapi-starter-common\2.2.0\springdoc-openapi-starter-common-2.2.0.jar;C:\Users\tyedukondalu\.m2\repository\io\swagger\core\v3\swagger-core-jakarta\2.2.15\swagger-core-jakarta-2.2.15.jar;C:\Users\tyedukondalu\.m2\repository\org\apache\commons\commons-lang3\3.13.0\commons-lang3-3.13.0.jar;C:\Users\tyedukondalu\.m2\repository\io\swagger\core\v3\swagger-annotations-jakarta\2.2.15\swagger-annotations-jakarta-2.2.15.jar;C:\Users\tyedukondalu\.m2\repository\io\swagger\core\v3\swagger-models-jakarta\2.2.15\swagger-models-jakarta-2.2.15.jar;C:\Users\tyedukondalu\.m2\repository\com\fasterxml\jackson\dataformat\jackson-dataformat-yaml\2.15.3\jackson-dataformat-yaml-2.15.3.jar;C:\Users\tyedukondalu\.m2\repository\org\webjars\swagger-ui\5.2.0\swagger-ui-5.2.0.jar;C:\Users\tyedukondalu\.m2\repository\com\h2database\h2\2.2.224\h2-2.2.224.jar;C:\Users\tyedukondalu\.m2\repository\org\springframework\boot\spring-boot-starter-test\3.2.0\spring-boot-starter-test-3.2.0.jar;C:\Users\tyedukondalu\.m2\repository\org\springframework\boot\spring-boot-test\3.2.0\spring-boot-test-3.2.0.jar;C:\Users\tyedukondalu\.m2\repository\org\springframework\boot\spring-boot-test-autoconfigure\3.2.0\spring-boot-test-autoconfigure-3.2.0.jar;C:\Users\tyedukondalu\.m2\repository\com\jayway\jsonpath\json-path\2.8.0\json-path-2.8.0.jar;C:\Users\tyedukondalu\.m2\repository\jakarta\xml\bind\jakarta.xml.bind-api\4.0.1\jakarta.xml.bind-api-4.0.1.jar;C:\Users\tyedukondalu\.m2\repository\net\minidev\json-smart\2.5.0\json-smart-2.5.0.jar;C:\Users\tyedukondalu\.m2\repository\net\minidev\accessors-smart\2.5.0\accessors-smart-2.5.0.jar;C:\Users\tyedukondalu\.m2\repository\org\ow2\asm\asm\9.3\asm-9.3.jar;C:\Users\tyedukondalu\.m2\repository\org\assertj\assertj-core\3.24.2\assertj-core-3.24.2.jar;C:\Users\tyedukondalu\.m2\repository\org\awaitility\awaitility\4.2.0\awaitility-4.2.0.jar;C:\Users\tyedukondalu\.m2\repository\org\hamcrest\hamcrest\2.2\hamcrest-2.2.jar;C:\Users\tyedukondalu\.m2\repository\org\junit\jupiter\junit-jupiter\5.10.1\junit-jupiter-5.10.1.jar;C:\Users\tyedukondalu\.m2\repository\org\junit\jupiter\junit-jupiter-api\5.10.1\junit-jupiter-api-5.10.1.jar;C:\Users\tyedukondalu\.m2\repository\org\opentest4j\opentest4j\1.3.0\opentest4j-1.3.0.jar;C:\Users\tyedukondalu\.m2\repository\org\junit\platform\junit-platform-commons\1.10.1\junit-platform-commons-1.10.1.jar;C:\Users\tyedukondalu\.m2\repository\org\apiguardian\apiguardian-api\1.1.2\apiguardian-api-1.1.2.jar;C:\Users\tyedukondalu\.m2\repository\org\junit\jupiter\junit-jupiter-params\5.10.1\junit-jupiter-params-5.10.1.jar;C:\Users\tyedukondalu\.m2\repository\org\junit\jupiter\junit-jupiter-engine\5.10.1\junit-jupiter-engine-5.10.1.jar;C:\Users\tyedukondalu\.m2\repository\org\junit\platform\junit-platform-engine\1.10.1\junit-platform-engine-1.10.1.jar;C:\Users\tyedukondalu\.m2\repository\org\mockito\mockito-core\5.7.0\mockito-core-5.7.0.jar;C:\Users\tyedukondalu\.m2\repository\net\bytebuddy\byte-buddy-agent\1.14.10\byte-buddy-agent-1.14.10.jar;C:\Users\tyedukondalu\.m2\repository\org\objenesis\objenesis\3.3\objenesis-3.3.jar;C:\Users\tyedukondalu\.m2\repository\org\mockito\mockito-junit-jupiter\5.7.0\mockito-junit-jupiter-5.7.0.jar;C:\Users\tyedukondalu\.m2\repository\org\skyscreamer\jsonassert\1.5.1\jsonassert-1.5.1.jar;C:\Users\tyedukondalu\.m2\repository\com\vaadin\external\google\android-json\0.0.20131108.vaadin1\android-json-0.0.20131108.vaadin1.jar;C:\Users\tyedukondalu\.m2\repository\org\springframework\spring-core\6.1.1\spring-core-6.1.1.jar;C:\Users\tyedukondalu\.m2\repository\org\springframework\spring-jcl\6.1.1\spring-jcl-6.1.1.jar;C:\Users\tyedukondalu\.m2\repository\org\springframework\spring-test\6.1.1\spring-test-6.1.1.jar;C:\Users\tyedukondalu\.m2\repository\org\xmlunit\xmlunit-core\2.9.1\xmlunit-core-2.9.1.jar;C:\Users\tyedukondalu\.m2\repository\org\springframework\security\spring-security-test\6.2.0\spring-security-test-6.2.0.jar;C:\Users\tyedukondalu\.m2\repository\org\springframework\security\spring-security-core\6.2.0\spring-security-core-6.2.0.jar;C:\Users\tyedukondalu\.m2\repository\org\springframework\security\spring-security-crypto\6.2.0\spring-security-crypto-6.2.0.jar;"/>
    <property name="java.vm.vendor" value="Oracle Corporation"/>
    <property name="sun.arch.data.model" value="64"/>
    <property name="user.variant" value=""/>
    <property name="java.vendor.url" value="https://java.oracle.com/"/>
    <property name="user.timezone" value="Asia/Calcutta"/>
    <property name="org.jboss.logging.provider" value="slf4j"/>
    <property name="os.name" value="Windows 10"/>
    <property name="java.vm.specification.version" value="21"/>
    <property name="sun.java.launcher" value="SUN_STANDARD"/>
    <property name="user.country" value="IN"/>
    <property name="sun.boot.library.path" value="C:\Program Files\Java\jdk-21\bin"/>
    <property name="sun.java.command" value="C:\Users\tyedukondalu\AppData\Local\Temp\surefire3242036861799561939\surefirebooter-20250710230223268_3.jar C:\Users\tyedukondalu\AppData\Local\Temp\surefire3242036861799561939 2025-07-10T23-02-22_745-jvmRun1 surefire-20250710230223268_1tmp surefire_0-20250710230223268_2tmp"/>
    <property name="jdk.debug" value="release"/>
    <property name="surefire.test.class.path" value="d:\JWT_Authenticator_Project\target\test-classes;d:\JWT_Authenticator_Project\target\classes;C:\Users\tyedukondalu\.m2\repository\org\springframework\boot\spring-boot-starter-web\3.2.0\spring-boot-starter-web-3.2.0.jar;C:\Users\tyedukondalu\.m2\repository\org\springframework\boot\spring-boot-starter\3.2.0\spring-boot-starter-3.2.0.jar;C:\Users\tyedukondalu\.m2\repository\org\springframework\boot\spring-boot\3.2.0\spring-boot-3.2.0.jar;C:\Users\tyedukondalu\.m2\repository\org\springframework\boot\spring-boot-autoconfigure\3.2.0\spring-boot-autoconfigure-3.2.0.jar;C:\Users\tyedukondalu\.m2\repository\org\springframework\boot\spring-boot-starter-logging\3.2.0\spring-boot-starter-logging-3.2.0.jar;C:\Users\tyedukondalu\.m2\repository\ch\qos\logback\logback-classic\1.4.11\logback-classic-1.4.11.jar;C:\Users\tyedukondalu\.m2\repository\ch\qos\logback\logback-core\1.4.11\logback-core-1.4.11.jar;C:\Users\tyedukondalu\.m2\repository\org\apache\logging\log4j\log4j-to-slf4j\2.21.1\log4j-to-slf4j-2.21.1.jar;C:\Users\tyedukondalu\.m2\repository\org\apache\logging\log4j\log4j-api\2.21.1\log4j-api-2.21.1.jar;C:\Users\tyedukondalu\.m2\repository\org\slf4j\jul-to-slf4j\2.0.9\jul-to-slf4j-2.0.9.jar;C:\Users\tyedukondalu\.m2\repository\jakarta\annotation\jakarta.annotation-api\2.1.1\jakarta.annotation-api-2.1.1.jar;C:\Users\tyedukondalu\.m2\repository\org\yaml\snakeyaml\2.2\snakeyaml-2.2.jar;C:\Users\tyedukondalu\.m2\repository\org\springframework\boot\spring-boot-starter-json\3.2.0\spring-boot-starter-json-3.2.0.jar;C:\Users\tyedukondalu\.m2\repository\com\fasterxml\jackson\datatype\jackson-datatype-jdk8\2.15.3\jackson-datatype-jdk8-2.15.3.jar;C:\Users\tyedukondalu\.m2\repository\com\fasterxml\jackson\datatype\jackson-datatype-jsr310\2.15.3\jackson-datatype-jsr310-2.15.3.jar;C:\Users\tyedukondalu\.m2\repository\com\fasterxml\jackson\module\jackson-module-parameter-names\2.15.3\jackson-module-parameter-names-2.15.3.jar;C:\Users\tyedukondalu\.m2\repository\org\springframework\boot\spring-boot-starter-tomcat\3.2.0\spring-boot-starter-tomcat-3.2.0.jar;C:\Users\tyedukondalu\.m2\repository\org\apache\tomcat\embed\tomcat-embed-core\10.1.16\tomcat-embed-core-10.1.16.jar;C:\Users\tyedukondalu\.m2\repository\org\apache\tomcat\embed\tomcat-embed-websocket\10.1.16\tomcat-embed-websocket-10.1.16.jar;C:\Users\tyedukondalu\.m2\repository\org\springframework\spring-web\6.1.1\spring-web-6.1.1.jar;C:\Users\tyedukondalu\.m2\repository\org\springframework\spring-beans\6.1.1\spring-beans-6.1.1.jar;C:\Users\tyedukondalu\.m2\repository\org\springframework\spring-webmvc\6.1.1\spring-webmvc-6.1.1.jar;C:\Users\tyedukondalu\.m2\repository\org\springframework\spring-context\6.1.1\spring-context-6.1.1.jar;C:\Users\tyedukondalu\.m2\repository\org\springframework\spring-expression\6.1.1\spring-expression-6.1.1.jar;C:\Users\tyedukondalu\.m2\repository\org\springframework\boot\spring-boot-starter-security\3.2.0\spring-boot-starter-security-3.2.0.jar;C:\Users\tyedukondalu\.m2\repository\org\springframework\spring-aop\6.1.1\spring-aop-6.1.1.jar;C:\Users\tyedukondalu\.m2\repository\org\springframework\security\spring-security-config\6.2.0\spring-security-config-6.2.0.jar;C:\Users\tyedukondalu\.m2\repository\org\springframework\security\spring-security-web\6.2.0\spring-security-web-6.2.0.jar;C:\Users\tyedukondalu\.m2\repository\org\springframework\boot\spring-boot-starter-data-jpa\3.2.0\spring-boot-starter-data-jpa-3.2.0.jar;C:\Users\tyedukondalu\.m2\repository\org\springframework\boot\spring-boot-starter-jdbc\3.2.0\spring-boot-starter-jdbc-3.2.0.jar;C:\Users\tyedukondalu\.m2\repository\com\zaxxer\HikariCP\5.0.1\HikariCP-5.0.1.jar;C:\Users\tyedukondalu\.m2\repository\org\springframework\spring-jdbc\6.1.1\spring-jdbc-6.1.1.jar;C:\Users\tyedukondalu\.m2\repository\org\hibernate\orm\hibernate-core\6.3.1.Final\hibernate-core-6.3.1.Final.jar;C:\Users\tyedukondalu\.m2\repository\jakarta\persistence\jakarta.persistence-api\3.1.0\jakarta.persistence-api-3.1.0.jar;C:\Users\tyedukondalu\.m2\repository\jakarta\transaction\jakarta.transaction-api\2.0.1\jakarta.transaction-api-2.0.1.jar;C:\Users\tyedukondalu\.m2\repository\org\jboss\logging\jboss-logging\3.5.3.Final\jboss-logging-3.5.3.Final.jar;C:\Users\tyedukondalu\.m2\repository\org\hibernate\common\hibernate-commons-annotations\6.0.6.Final\hibernate-commons-annotations-6.0.6.Final.jar;C:\Users\tyedukondalu\.m2\repository\io\smallrye\jandex\3.1.2\jandex-3.1.2.jar;C:\Users\tyedukondalu\.m2\repository\com\fasterxml\classmate\1.6.0\classmate-1.6.0.jar;C:\Users\tyedukondalu\.m2\repository\net\bytebuddy\byte-buddy\1.14.10\byte-buddy-1.14.10.jar;C:\Users\tyedukondalu\.m2\repository\org\glassfish\jaxb\jaxb-runtime\4.0.4\jaxb-runtime-4.0.4.jar;C:\Users\tyedukondalu\.m2\repository\org\glassfish\jaxb\jaxb-core\4.0.4\jaxb-core-4.0.4.jar;C:\Users\tyedukondalu\.m2\repository\org\glassfish\jaxb\txw2\4.0.4\txw2-4.0.4.jar;C:\Users\tyedukondalu\.m2\repository\com\sun\istack\istack-commons-runtime\4.1.2\istack-commons-runtime-4.1.2.jar;C:\Users\tyedukondalu\.m2\repository\jakarta\inject\jakarta.inject-api\2.0.1\jakarta.inject-api-2.0.1.jar;C:\Users\tyedukondalu\.m2\repository\org\antlr\antlr4-runtime\4.10.1\antlr4-runtime-4.10.1.jar;C:\Users\tyedukondalu\.m2\repository\org\springframework\data\spring-data-jpa\3.2.0\spring-data-jpa-3.2.0.jar;C:\Users\tyedukondalu\.m2\repository\org\springframework\data\spring-data-commons\3.2.0\spring-data-commons-3.2.0.jar;C:\Users\tyedukondalu\.m2\repository\org\springframework\spring-orm\6.1.1\spring-orm-6.1.1.jar;C:\Users\tyedukondalu\.m2\repository\org\springframework\spring-tx\6.1.1\spring-tx-6.1.1.jar;C:\Users\tyedukondalu\.m2\repository\org\slf4j\slf4j-api\2.0.9\slf4j-api-2.0.9.jar;C:\Users\tyedukondalu\.m2\repository\org\springframework\spring-aspects\6.1.1\spring-aspects-6.1.1.jar;C:\Users\tyedukondalu\.m2\repository\org\springframework\boot\spring-boot-starter-validation\3.2.0\spring-boot-starter-validation-3.2.0.jar;C:\Users\tyedukondalu\.m2\repository\org\apache\tomcat\embed\tomcat-embed-el\10.1.16\tomcat-embed-el-10.1.16.jar;C:\Users\tyedukondalu\.m2\repository\org\hibernate\validator\hibernate-validator\8.0.1.Final\hibernate-validator-8.0.1.Final.jar;C:\Users\tyedukondalu\.m2\repository\jakarta\validation\jakarta.validation-api\3.0.2\jakarta.validation-api-3.0.2.jar;C:\Users\tyedukondalu\.m2\repository\org\springframework\boot\spring-boot-starter-mail\3.2.0\spring-boot-starter-mail-3.2.0.jar;C:\Users\tyedukondalu\.m2\repository\org\springframework\spring-context-support\6.1.1\spring-context-support-6.1.1.jar;C:\Users\tyedukondalu\.m2\repository\org\eclipse\angus\jakarta.mail\2.0.2\jakarta.mail-2.0.2.jar;C:\Users\tyedukondalu\.m2\repository\jakarta\activation\jakarta.activation-api\2.1.2\jakarta.activation-api-2.1.2.jar;C:\Users\tyedukondalu\.m2\repository\org\eclipse\angus\angus-activation\2.0.1\angus-activation-2.0.1.jar;C:\Users\tyedukondalu\.m2\repository\org\springframework\boot\spring-boot-starter-webflux\3.2.0\spring-boot-starter-webflux-3.2.0.jar;C:\Users\tyedukondalu\.m2\repository\org\springframework\boot\spring-boot-starter-reactor-netty\3.2.0\spring-boot-starter-reactor-netty-3.2.0.jar;C:\Users\tyedukondalu\.m2\repository\io\projectreactor\netty\reactor-netty-http\1.1.13\reactor-netty-http-1.1.13.jar;C:\Users\tyedukondalu\.m2\repository\io\netty\netty-codec-http\4.1.101.Final\netty-codec-http-4.1.101.Final.jar;C:\Users\tyedukondalu\.m2\repository\io\netty\netty-common\4.1.101.Final\netty-common-4.1.101.Final.jar;C:\Users\tyedukondalu\.m2\repository\io\netty\netty-buffer\4.1.101.Final\netty-buffer-4.1.101.Final.jar;C:\Users\tyedukondalu\.m2\repository\io\netty\netty-transport\4.1.101.Final\netty-transport-4.1.101.Final.jar;C:\Users\tyedukondalu\.m2\repository\io\netty\netty-codec\4.1.101.Final\netty-codec-4.1.101.Final.jar;C:\Users\tyedukondalu\.m2\repository\io\netty\netty-handler\4.1.101.Final\netty-handler-4.1.101.Final.jar;C:\Users\tyedukondalu\.m2\repository\io\netty\netty-codec-http2\4.1.101.Final\netty-codec-http2-4.1.101.Final.jar;C:\Users\tyedukondalu\.m2\repository\io\netty\netty-resolver-dns\4.1.101.Final\netty-resolver-dns-4.1.101.Final.jar;C:\Users\tyedukondalu\.m2\repository\io\netty\netty-resolver\4.1.101.Final\netty-resolver-4.1.101.Final.jar;C:\Users\tyedukondalu\.m2\repository\io\netty\netty-codec-dns\4.1.101.Final\netty-codec-dns-4.1.101.Final.jar;C:\Users\tyedukondalu\.m2\repository\io\netty\netty-resolver-dns-native-macos\4.1.101.Final\netty-resolver-dns-native-macos-4.1.101.Final-osx-x86_64.jar;C:\Users\tyedukondalu\.m2\repository\io\netty\netty-resolver-dns-classes-macos\4.1.101.Final\netty-resolver-dns-classes-macos-4.1.101.Final.jar;C:\Users\tyedukondalu\.m2\repository\io\netty\netty-transport-native-epoll\4.1.101.Final\netty-transport-native-epoll-4.1.101.Final-linux-x86_64.jar;C:\Users\tyedukondalu\.m2\repository\io\netty\netty-transport-native-unix-common\4.1.101.Final\netty-transport-native-unix-common-4.1.101.Final.jar;C:\Users\tyedukondalu\.m2\repository\io\netty\netty-transport-classes-epoll\4.1.101.Final\netty-transport-classes-epoll-4.1.101.Final.jar;C:\Users\tyedukondalu\.m2\repository\io\projectreactor\netty\reactor-netty-core\1.1.13\reactor-netty-core-1.1.13.jar;C:\Users\tyedukondalu\.m2\repository\io\netty\netty-handler-proxy\4.1.101.Final\netty-handler-proxy-4.1.101.Final.jar;C:\Users\tyedukondalu\.m2\repository\io\netty\netty-codec-socks\4.1.101.Final\netty-codec-socks-4.1.101.Final.jar;C:\Users\tyedukondalu\.m2\repository\org\springframework\spring-webflux\6.1.1\spring-webflux-6.1.1.jar;C:\Users\tyedukondalu\.m2\repository\io\projectreactor\reactor-core\3.6.0\reactor-core-3.6.0.jar;C:\Users\tyedukondalu\.m2\repository\org\reactivestreams\reactive-streams\1.0.4\reactive-streams-1.0.4.jar;C:\Users\tyedukondalu\.m2\repository\org\springframework\boot\spring-boot-starter-actuator\3.2.0\spring-boot-starter-actuator-3.2.0.jar;C:\Users\tyedukondalu\.m2\repository\org\springframework\boot\spring-boot-actuator-autoconfigure\3.2.0\spring-boot-actuator-autoconfigure-3.2.0.jar;C:\Users\tyedukondalu\.m2\repository\org\springframework\boot\spring-boot-actuator\3.2.0\spring-boot-actuator-3.2.0.jar;C:\Users\tyedukondalu\.m2\repository\io\micrometer\micrometer-observation\1.12.0\micrometer-observation-1.12.0.jar;C:\Users\tyedukondalu\.m2\repository\io\micrometer\micrometer-commons\1.12.0\micrometer-commons-1.12.0.jar;C:\Users\tyedukondalu\.m2\repository\io\micrometer\micrometer-jakarta9\1.12.0\micrometer-jakarta9-1.12.0.jar;C:\Users\tyedukondalu\.m2\repository\io\micrometer\micrometer-core\1.12.0\micrometer-core-1.12.0.jar;C:\Users\tyedukondalu\.m2\repository\org\hdrhistogram\HdrHistogram\2.1.12\HdrHistogram-2.1.12.jar;C:\Users\tyedukondalu\.m2\repository\org\latencyutils\LatencyUtils\2.0.3\LatencyUtils-2.0.3.jar;C:\Users\tyedukondalu\.m2\repository\org\postgresql\postgresql\42.6.0\postgresql-42.6.0.jar;C:\Users\tyedukondalu\.m2\repository\org\checkerframework\checker-qual\3.31.0\checker-qual-3.31.0.jar;C:\Users\tyedukondalu\.m2\repository\io\jsonwebtoken\jjwt-api\0.12.3\jjwt-api-0.12.3.jar;C:\Users\tyedukondalu\.m2\repository\io\jsonwebtoken\jjwt-impl\0.12.3\jjwt-impl-0.12.3.jar;C:\Users\tyedukondalu\.m2\repository\io\jsonwebtoken\jjwt-jackson\0.12.3\jjwt-jackson-0.12.3.jar;C:\Users\tyedukondalu\.m2\repository\com\fasterxml\jackson\core\jackson-databind\2.15.3\jackson-databind-2.15.3.jar;C:\Users\tyedukondalu\.m2\repository\com\fasterxml\jackson\core\jackson-annotations\2.15.3\jackson-annotations-2.15.3.jar;C:\Users\tyedukondalu\.m2\repository\com\fasterxml\jackson\core\jackson-core\2.15.3\jackson-core-2.15.3.jar;C:\Users\tyedukondalu\.m2\repository\org\springframework\boot\spring-boot-starter-aop\3.2.0\spring-boot-starter-aop-3.2.0.jar;C:\Users\tyedukondalu\.m2\repository\org\aspectj\aspectjweaver\1.9.20.1\aspectjweaver-1.9.20.1.jar;C:\Users\tyedukondalu\.m2\repository\org\projectlombok\lombok\1.18.30\lombok-1.18.30.jar;C:\Users\tyedukondalu\.m2\repository\com\warrenstrange\googleauth\1.1.4\googleauth-1.1.4.jar;C:\Users\tyedukondalu\.m2\repository\commons-codec\commons-codec\1.16.0\commons-codec-1.16.0.jar;C:\Users\tyedukondalu\.m2\repository\org\apache\httpcomponents\httpclient\4.5.3\httpclient-4.5.3.jar;C:\Users\tyedukondalu\.m2\repository\commons-logging\commons-logging\1.2\commons-logging-1.2.jar;C:\Users\tyedukondalu\.m2\repository\com\google\zxing\core\3.5.1\core-3.5.1.jar;C:\Users\tyedukondalu\.m2\repository\com\google\zxing\javase\3.5.1\javase-3.5.1.jar;C:\Users\tyedukondalu\.m2\repository\com\beust\jcommander\1.82\jcommander-1.82.jar;C:\Users\tyedukondalu\.m2\repository\com\github\jai-imageio\jai-imageio-core\1.4.0\jai-imageio-core-1.4.0.jar;C:\Users\tyedukondalu\.m2\repository\com\google\api-client\google-api-client\1.35.2\google-api-client-1.35.2.jar;C:\Users\tyedukondalu\.m2\repository\com\google\oauth-client\google-oauth-client\1.34.1\google-oauth-client-1.34.1.jar;C:\Users\tyedukondalu\.m2\repository\com\google\http-client\google-http-client-gson\1.42.0\google-http-client-gson-1.42.0.jar;C:\Users\tyedukondalu\.m2\repository\com\google\code\gson\gson\2.10.1\gson-2.10.1.jar;C:\Users\tyedukondalu\.m2\repository\com\google\guava\guava\31.1-jre\guava-31.1-jre.jar;C:\Users\tyedukondalu\.m2\repository\com\google\guava\failureaccess\1.0.1\failureaccess-1.0.1.jar;C:\Users\tyedukondalu\.m2\repository\com\google\guava\listenablefuture\9999.0-empty-to-avoid-conflict-with-guava\listenablefuture-9999.0-empty-to-avoid-conflict-with-guava.jar;C:\Users\tyedukondalu\.m2\repository\com\google\errorprone\error_prone_annotations\2.11.0\error_prone_annotations-2.11.0.jar;C:\Users\tyedukondalu\.m2\repository\com\google\j2objc\j2objc-annotations\1.3\j2objc-annotations-1.3.jar;C:\Users\tyedukondalu\.m2\repository\com\google\http-client\google-http-client-apache-v2\1.42.0\google-http-client-apache-v2-1.42.0.jar;C:\Users\tyedukondalu\.m2\repository\org\apache\httpcomponents\httpcore\4.4.16\httpcore-4.4.16.jar;C:\Users\tyedukondalu\.m2\repository\com\google\http-client\google-http-client\1.42.0\google-http-client-1.42.0.jar;C:\Users\tyedukondalu\.m2\repository\io\opencensus\opencensus-api\0.31.1\opencensus-api-0.31.1.jar;C:\Users\tyedukondalu\.m2\repository\io\grpc\grpc-context\1.27.2\grpc-context-1.27.2.jar;C:\Users\tyedukondalu\.m2\repository\io\opencensus\opencensus-contrib-http-util\0.31.1\opencensus-contrib-http-util-0.31.1.jar;C:\Users\tyedukondalu\.m2\repository\com\google\auth\google-auth-library-oauth2-http\1.19.0\google-auth-library-oauth2-http-1.19.0.jar;C:\Users\tyedukondalu\.m2\repository\com\google\auto\value\auto-value-annotations\1.10.1\auto-value-annotations-1.10.1.jar;C:\Users\tyedukondalu\.m2\repository\com\google\code\findbugs\jsr305\3.0.2\jsr305-3.0.2.jar;C:\Users\tyedukondalu\.m2\repository\com\google\auth\google-auth-library-credentials\1.19.0\google-auth-library-credentials-1.19.0.jar;C:\Users\tyedukondalu\.m2\repository\org\springdoc\springdoc-openapi-starter-webmvc-ui\2.2.0\springdoc-openapi-starter-webmvc-ui-2.2.0.jar;C:\Users\tyedukondalu\.m2\repository\org\springdoc\springdoc-openapi-starter-webmvc-api\2.2.0\springdoc-openapi-starter-webmvc-api-2.2.0.jar;C:\Users\tyedukondalu\.m2\repository\org\springdoc\springdoc-openapi-starter-common\2.2.0\springdoc-openapi-starter-common-2.2.0.jar;C:\Users\tyedukondalu\.m2\repository\io\swagger\core\v3\swagger-core-jakarta\2.2.15\swagger-core-jakarta-2.2.15.jar;C:\Users\tyedukondalu\.m2\repository\org\apache\commons\commons-lang3\3.13.0\commons-lang3-3.13.0.jar;C:\Users\tyedukondalu\.m2\repository\io\swagger\core\v3\swagger-annotations-jakarta\2.2.15\swagger-annotations-jakarta-2.2.15.jar;C:\Users\tyedukondalu\.m2\repository\io\swagger\core\v3\swagger-models-jakarta\2.2.15\swagger-models-jakarta-2.2.15.jar;C:\Users\tyedukondalu\.m2\repository\com\fasterxml\jackson\dataformat\jackson-dataformat-yaml\2.15.3\jackson-dataformat-yaml-2.15.3.jar;C:\Users\tyedukondalu\.m2\repository\org\webjars\swagger-ui\5.2.0\swagger-ui-5.2.0.jar;C:\Users\tyedukondalu\.m2\repository\com\h2database\h2\2.2.224\h2-2.2.224.jar;C:\Users\tyedukondalu\.m2\repository\org\springframework\boot\spring-boot-starter-test\3.2.0\spring-boot-starter-test-3.2.0.jar;C:\Users\tyedukondalu\.m2\repository\org\springframework\boot\spring-boot-test\3.2.0\spring-boot-test-3.2.0.jar;C:\Users\tyedukondalu\.m2\repository\org\springframework\boot\spring-boot-test-autoconfigure\3.2.0\spring-boot-test-autoconfigure-3.2.0.jar;C:\Users\tyedukondalu\.m2\repository\com\jayway\jsonpath\json-path\2.8.0\json-path-2.8.0.jar;C:\Users\tyedukondalu\.m2\repository\jakarta\xml\bind\jakarta.xml.bind-api\4.0.1\jakarta.xml.bind-api-4.0.1.jar;C:\Users\tyedukondalu\.m2\repository\net\minidev\json-smart\2.5.0\json-smart-2.5.0.jar;C:\Users\tyedukondalu\.m2\repository\net\minidev\accessors-smart\2.5.0\accessors-smart-2.5.0.jar;C:\Users\tyedukondalu\.m2\repository\org\ow2\asm\asm\9.3\asm-9.3.jar;C:\Users\tyedukondalu\.m2\repository\org\assertj\assertj-core\3.24.2\assertj-core-3.24.2.jar;C:\Users\tyedukondalu\.m2\repository\org\awaitility\awaitility\4.2.0\awaitility-4.2.0.jar;C:\Users\tyedukondalu\.m2\repository\org\hamcrest\hamcrest\2.2\hamcrest-2.2.jar;C:\Users\tyedukondalu\.m2\repository\org\junit\jupiter\junit-jupiter\5.10.1\junit-jupiter-5.10.1.jar;C:\Users\tyedukondalu\.m2\repository\org\junit\jupiter\junit-jupiter-api\5.10.1\junit-jupiter-api-5.10.1.jar;C:\Users\tyedukondalu\.m2\repository\org\opentest4j\opentest4j\1.3.0\opentest4j-1.3.0.jar;C:\Users\tyedukondalu\.m2\repository\org\junit\platform\junit-platform-commons\1.10.1\junit-platform-commons-1.10.1.jar;C:\Users\tyedukondalu\.m2\repository\org\apiguardian\apiguardian-api\1.1.2\apiguardian-api-1.1.2.jar;C:\Users\tyedukondalu\.m2\repository\org\junit\jupiter\junit-jupiter-params\5.10.1\junit-jupiter-params-5.10.1.jar;C:\Users\tyedukondalu\.m2\repository\org\junit\jupiter\junit-jupiter-engine\5.10.1\junit-jupiter-engine-5.10.1.jar;C:\Users\tyedukondalu\.m2\repository\org\junit\platform\junit-platform-engine\1.10.1\junit-platform-engine-1.10.1.jar;C:\Users\tyedukondalu\.m2\repository\org\mockito\mockito-core\5.7.0\mockito-core-5.7.0.jar;C:\Users\tyedukondalu\.m2\repository\net\bytebuddy\byte-buddy-agent\1.14.10\byte-buddy-agent-1.14.10.jar;C:\Users\tyedukondalu\.m2\repository\org\objenesis\objenesis\3.3\objenesis-3.3.jar;C:\Users\tyedukondalu\.m2\repository\org\mockito\mockito-junit-jupiter\5.7.0\mockito-junit-jupiter-5.7.0.jar;C:\Users\tyedukondalu\.m2\repository\org\skyscreamer\jsonassert\1.5.1\jsonassert-1.5.1.jar;C:\Users\tyedukondalu\.m2\repository\com\vaadin\external\google\android-json\0.0.20131108.vaadin1\android-json-0.0.20131108.vaadin1.jar;C:\Users\tyedukondalu\.m2\repository\org\springframework\spring-core\6.1.1\spring-core-6.1.1.jar;C:\Users\tyedukondalu\.m2\repository\org\springframework\spring-jcl\6.1.1\spring-jcl-6.1.1.jar;C:\Users\tyedukondalu\.m2\repository\org\springframework\spring-test\6.1.1\spring-test-6.1.1.jar;C:\Users\tyedukondalu\.m2\repository\org\xmlunit\xmlunit-core\2.9.1\xmlunit-core-2.9.1.jar;C:\Users\tyedukondalu\.m2\repository\org\springframework\security\spring-security-test\6.2.0\spring-security-test-6.2.0.jar;C:\Users\tyedukondalu\.m2\repository\org\springframework\security\spring-security-core\6.2.0\spring-security-core-6.2.0.jar;C:\Users\tyedukondalu\.m2\repository\org\springframework\security\spring-security-crypto\6.2.0\spring-security-crypto-6.2.0.jar;"/>
    <property name="sun.cpu.endian" value="little"/>
    <property name="user.home" value="C:\Users\tyedukondalu"/>
    <property name="user.language" value="en"/>
    <property name="java.specification.vendor" value="Oracle Corporation"/>
    <property name="java.version.date" value="2025-04-15"/>
    <property name="java.home" value="C:\Program Files\Java\jdk-21"/>
    <property name="file.separator" value="\"/>
    <property name="basedir" value="d:\JWT_Authenticator_Project"/>
    <property name="java.vm.compressedOopsMode" value="Zero based"/>
    <property name="line.separator" value="&#10;"/>
    <property name="java.vm.specification.vendor" value="Oracle Corporation"/>
    <property name="java.specification.name" value="Java Platform API Specification"/>
    <property name="FILE_LOG_CHARSET" value="UTF-8"/>
    <property name="java.awt.headless" value="true"/>
    <property name="surefire.real.class.path" value="C:\Users\tyedukondalu\AppData\Local\Temp\surefire3242036861799561939\surefirebooter-20250710230223268_3.jar"/>
    <property name="user.script" value=""/>
    <property name="sun.management.compiler" value="HotSpot 64-Bit Tiered Compilers"/>
    <property name="java.runtime.version" value="21.0.7+8-LTS-245"/>
    <property name="user.name" value="tyedukondalu"/>
    <property name="stdout.encoding" value="Cp1252"/>
    <property name="path.separator" value=";"/>
    <property name="os.version" value="10.0"/>
    <property name="java.runtime.name" value="Java(TM) SE Runtime Environment"/>
    <property name="file.encoding" value="UTF-8"/>
    <property name="java.vm.name" value="Java HotSpot(TM) 64-Bit Server VM"/>
    <property name="localRepository" value="C:\Users\tyedukondalu\.m2\repository"/>
    <property name="java.vendor.url.bug" value="https://bugreport.java.com/bugreport/"/>
    <property name="java.io.tmpdir" value="C:\Users\TYEDUK~1\AppData\Local\Temp\"/>
    <property name="com.zaxxer.hikari.pool_number" value="1"/>
    <property name="java.version" value="21.0.7"/>
    <property name="user.dir" value="d:\JWT_Authenticator_Project"/>
    <property name="os.arch" value="amd64"/>
    <property name="java.vm.specification.name" value="Java Virtual Machine Specification"/>
    <property name="PID" value="15536"/>
    <property name="sun.os.patch.level" value=""/>
    <property name="CONSOLE_LOG_CHARSET" value="UTF-8"/>
    <property name="native.encoding" value="Cp1252"/>
    <property name="java.library.path" value="C:\Program Files\Java\jdk-21\bin;C:\Windows\Sun\Java\bin;C:\Windows\system32;C:\Windows;C:\Program Files\Common Files\Oracle\Java\javapath;C:\Program Files (x86)\Common Files\Oracle\Java\javapath;c:\Users\tyedukondalu\AppData\Local\Programs\cursor\resources\app\bin;C:\Windows\system32;C:\Windows;C:\Windows\System32\Wbem;C:\Windows\System32\WindowsPowerShell\v1.0\;C:\Windows\System32\OpenSSH\;C:\Users\tyedukondalu\AppData\Roaming\npm;C:\Program Files\dotnet\;C:\Program Files (x86)\Intel\Intel(R) Management Engine Components\DAL;C:\Program Files\Intel\Intel(R) Management Engine Components\DAL;C:\Program Files\Java\jdk1.8.0_202\bin;C:\Users\tyedukondalu\AppData\Local\nvm;C:\nvm4w\nodejs;C:\Users\tyedukondalu\AppData\Local\Microsoft\WindowsApps;C:\Users\tyedukondalu\AppData\Local\GitHubDesktop\bin;C:\Users\tyedukondalu\AppData\Roaming\npm;C:\Users\tyedukondalu\AppData\Local\nvm;C:\nvm4w\nodejs;C:\Users\tyedukondalu\AppData\Local\Programs\cursor\resources\app\bin;C:\Users\tyedukondalu\AppData\Local\Programs\Windsurf\bin;c:\Users\tyedukondalu\AppData\Local\Programs\cursor\resources\app\bin;C:\Program Files\Java\jdk-17\bin;C:\Program Files\Git\cmd;C:\Program Files\apache-maven-3.9.10\bin;C:\Program Files\Java\jdk-21\bin;C:\Users\tyedukondalu\AppData\Local\Programs\Eclipse Adoptium\jdk-8.0.452.9-hotspot\bin;C:\Users\tyedukondalu\AppData\Local\Microsoft\WindowsApps;C:\Users\tyedukondalu\AppData\Local\GitHubDesktop\bin;C:\Users\tyedukondalu\AppData\Local\Programs\Microsoft VS Code\bin;C:\Users\tyedukondalu\AppData\Roaming\npm;C:\Users\tyedukondalu\AppData\Local\nvm;C:\nvm4w\nodejs;C:\Program Files\Java\jdk-21\bin;;."/>
    <property name="java.vm.info" value="mixed mode, sharing"/>
    <property name="stderr.encoding" value="Cp1252"/>
    <property name="java.vendor" value="Oracle Corporation"/>
    <property name="java.vm.version" value="21.0.7+8-LTS-245"/>
    <property name="sun.io.unicode.encoding" value="UnicodeLittle"/>
    <property name="java.class.version" value="65.0"/>
  </properties>
  <testcase name="registerUser_success" classname="com.example.jwtauthenticator.controller.AuthControllerIntegrationTest" time="1.607">
    <system-out><![CDATA[Standard Commons Logging discovery in action with spring-jcl: please remove commons-logging.jar from classpath in order to avoid potential conflicts
23:02:28.299 [main] INFO org.springframework.test.context.support.AnnotationConfigContextLoaderUtils -- Could not detect default configuration classes for test class [com.example.jwtauthenticator.controller.AuthControllerIntegrationTest]: AuthControllerIntegrationTest does not declare any static, non-private, non-final, nested classes annotated with @Configuration.
23:02:29.137 [main] INFO org.springframework.boot.test.context.SpringBootTestContextBootstrapper -- Found @SpringBootConfiguration com.example.jwtauthenticator.JwtAuthenticatorApplication for test class com.example.jwtauthenticator.controller.AuthControllerIntegrationTest

  .   ____          _            __ _ _
 /\\ / ___'_ __ _ _(_)_ __  __ _ \ \ \ \
( ( )\___ | '_ | '_| | '_ \/ _` | \ \ \ \
 \\/  ___)| |_)| | | | | || (_| |  ) ) ) )
  '  |____| .__|_| |_|_| |_\__, | / / / /
 =========|_|==============|___/=/_/_/_/
 :: Spring Boot ::                (v3.2.0)

2025-07-10T23:02:31.253+05:30  INFO 15536 --- [           main] c.e.j.c.AuthControllerIntegrationTest    : Starting AuthControllerIntegrationTest using Java 21.0.7 with PID 15536 (started by tyedukondalu in d:\JWT_Authenticator_Project)
2025-07-10T23:02:31.259+05:30  INFO 15536 --- [           main] c.e.j.c.AuthControllerIntegrationTest    : The following 1 profile is active: "test"
2025-07-10T23:02:37.605+05:30  INFO 15536 --- [           main] .s.d.r.c.RepositoryConfigurationDelegate : Bootstrapping Spring Data JPA repositories in DEFAULT mode.
2025-07-10T23:02:38.496+05:30  INFO 15536 --- [           main] .s.d.r.c.RepositoryConfigurationDelegate : Finished Spring Data repository scanning in 862 ms. Found 5 JPA repository interfaces.
2025-07-10T23:02:43.866+05:30  INFO 15536 --- [           main] o.hibernate.jpa.internal.util.LogHelper  : HHH000204: Processing PersistenceUnitInfo [name: default]
2025-07-10T23:02:44.224+05:30  INFO 15536 --- [           main] org.hibernate.Version                    : HHH000412: Hibernate ORM core version 6.3.1.Final
2025-07-10T23:02:44.744+05:30  INFO 15536 --- [           main] o.h.c.internal.RegionFactoryInitiator    : HHH000026: Second-level cache disabled
2025-07-10T23:02:46.453+05:30  INFO 15536 --- [           main] o.s.o.j.p.SpringPersistenceUnitInfo      : No LoadTimeWeaver setup: ignoring JPA class transformer
2025-07-10T23:02:46.563+05:30  INFO 15536 --- [           main] com.zaxxer.hikari.HikariDataSource       : HikariPool-1 - Starting...
2025-07-10T23:02:47.414+05:30  INFO 15536 --- [           main] com.zaxxer.hikari.pool.HikariPool        : HikariPool-1 - Added connection conn0: url=jdbc:h2:mem:testdb user=SA
2025-07-10T23:02:47.421+05:30  INFO 15536 --- [           main] com.zaxxer.hikari.HikariDataSource       : HikariPool-1 - Start completed.
2025-07-10T23:02:47.519+05:30  WARN 15536 --- [           main] org.hibernate.orm.deprecation            : HHH90000025: H2Dialect does not need to be specified explicitly using 'hibernate.dialect' (remove the property setting and it will be selected by default)
2025-07-10T23:02:51.533+05:30  INFO 15536 --- [           main] o.h.e.t.j.p.i.JtaPlatformInitiator       : HHH000489: No JTA platform available (set 'hibernate.transaction.jta.platform' to enable JTA platform integration)
Hibernate: drop table if exists id_sequences cascade 
Hibernate: drop table if exists login_log cascade 
Hibernate: drop table if exists password_reset_codes cascade 
Hibernate: drop table if exists password_reset_tokens cascade 
Hibernate: drop table if exists users cascade 
Hibernate: create table id_sequences (created_at timestamp(6) not null, current_number bigint not null, id bigint generated by default as identity, updated_at timestamp(6) not null, prefix varchar(10) not null unique, primary key (id))
Hibernate: create table login_log (id bigint generated by default as identity, login_time timestamp(6) not null, user_id uuid, login_method varchar(20) not null, login_status varchar(20) not null, username varchar(50) not null, details TEXT, primary key (id))
Hibernate: create table password_reset_codes (used boolean not null, created_at timestamp(6) not null, expires_at timestamp(6) not null, id bigint generated by default as identity, brand_id varchar(255) not null, code varchar(255) not null, email varchar(255) not null, primary key (id))
Hibernate: create table password_reset_tokens (expiry_date timestamp(6), id bigint generated by default as identity, user_id bigint not null unique, token varchar(255), primary key (id))
Hibernate: create table users (email_verified boolean, tfa_enabled boolean, created_at timestamp(6), id bigint generated by default as identity, updated_at timestamp(6), user_id uuid, auth_provider varchar(255) check (auth_provider in ('LOCAL','GOOGLE')), brand_id varchar(255), email varchar(255) unique, first_name varchar(255), last_name varchar(255), location varchar(255), password varchar(255), phone_number varchar(255), profile_picture_url varchar(255), refresh_token varchar(255), role varchar(255) check (role in ('USER','ADMIN')), tfa_secret varchar(255), user_code varchar(255) unique, username varchar(255) unique, verification_token varchar(255), primary key (id))
Hibernate: alter table if exists password_reset_tokens add constraint FKk3ndxg5xp6v7wd4gjyusp15gq foreign key (user_id) references users
2025-07-10T23:02:51.802+05:30  INFO 15536 --- [           main] j.LocalContainerEntityManagerFactoryBean : Initialized JPA EntityManagerFactory for persistence unit 'default'
2025-07-10T23:03:01.841+05:30  INFO 15536 --- [           main] c.e.j.s.GoogleTokenVerificationService   : Google Token Verifier initialized with client ID: 3338156005...
2025-07-10T23:03:04.069+05:30  INFO 15536 --- [           main] o.s.d.j.r.query.QueryEnhancerFactory     : Hibernate is in classpath; If applicable, HQL parser will be used.
2025-07-10T23:03:12.893+05:30  WARN 15536 --- [           main] JpaBaseConfiguration$JpaWebConfiguration : spring.jpa.open-in-view is enabled by default. Therefore, database queries may be performed during view rendering. Explicitly configure spring.jpa.open-in-view to disable this warning
2025-07-10T23:03:18.081+05:30  INFO 15536 --- [           main] o.s.b.a.e.web.EndpointLinksResolver      : Exposing 1 endpoint(s) beneath base path '/actuator'
2025-07-10T23:03:18.479+05:30  INFO 15536 --- [           main] o.s.s.web.DefaultSecurityFilterChain     : Will secure any request with [org.springframework.security.web.session.DisableEncodeUrlFilter@31fe5168, org.springframework.security.web.context.request.async.WebAsyncManagerIntegrationFilter@3f02095, org.springframework.security.web.context.SecurityContextHolderFilter@fd6784a, org.springframework.security.web.header.HeaderWriterFilter@6b861a26, org.springframework.web.filter.CorsFilter@1a6804d1, org.springframework.security.web.authentication.logout.LogoutFilter@291b3e68, com.example.jwtauthenticator.security.JwtRequestFilter@6a2d0a19, org.springframework.security.web.savedrequest.RequestCacheAwareFilter@77f76656, org.springframework.security.web.servletapi.SecurityContextHolderAwareRequestFilter@487e4b06, org.springframework.security.web.authentication.AnonymousAuthenticationFilter@7db99d41, org.springframework.security.web.session.SessionManagementFilter@a0b8f79, org.springframework.security.web.access.ExceptionTranslationFilter@253bf220, org.springframework.security.web.access.intercept.AuthorizationFilter@b0dc426]
2025-07-10T23:03:24.607+05:30  INFO 15536 --- [           main] o.s.b.t.m.w.SpringBootMockServletContext : Initializing Spring TestDispatcherServlet ''
2025-07-10T23:03:24.608+05:30  INFO 15536 --- [           main] o.s.t.web.servlet.TestDispatcherServlet  : Initializing Servlet ''
2025-07-10T23:03:24.614+05:30  INFO 15536 --- [           main] o.s.t.web.servlet.TestDispatcherServlet  : Completed initialization in 5 ms
2025-07-10T23:03:25.421+05:30  INFO 15536 --- [           main] c.e.j.c.AuthControllerIntegrationTest    : Started AuthControllerIntegrationTest in 55.505 seconds (process running for 61.326)

=== ID Generator Example ===
1. Generating IDs with default prefix:
Hibernate: select is1_0.id,is1_0.created_at,is1_0.current_number,is1_0.prefix,is1_0.updated_at from id_sequences is1_0 where is1_0.prefix=? for update
Hibernate: insert into id_sequences (created_at,current_number,prefix,updated_at,id) values (?,?,?,?,default)
2025-07-10T23:03:26.790+05:30  INFO 15536 --- [           main] c.e.j.service.IdGeneratorService         : Generated ID: MRTFY0001 for prefix: MRTFY
Hibernate: update id_sequences set created_at=?,current_number=?,prefix=?,updated_at=? where id=?
Generated: MRTFY0001
Hibernate: select is1_0.id,is1_0.created_at,is1_0.current_number,is1_0.prefix,is1_0.updated_at from id_sequences is1_0 where is1_0.prefix=? for update
2025-07-10T23:03:26.937+05:30  INFO 15536 --- [           main] c.e.j.service.IdGeneratorService         : Generated ID: MRTFY0002 for prefix: MRTFY
Hibernate: update id_sequences set created_at=?,current_number=?,prefix=?,updated_at=? where id=?
Generated: MRTFY0002
Hibernate: select is1_0.id,is1_0.created_at,is1_0.current_number,is1_0.prefix,is1_0.updated_at from id_sequences is1_0 where is1_0.prefix=? for update
2025-07-10T23:03:26.953+05:30  INFO 15536 --- [           main] c.e.j.service.IdGeneratorService         : Generated ID: MRTFY0003 for prefix: MRTFY
Hibernate: update id_sequences set created_at=?,current_number=?,prefix=?,updated_at=? where id=?
Generated: MRTFY0003

2. Generating IDs with custom prefix (MKTY):
Hibernate: select is1_0.id,is1_0.created_at,is1_0.current_number,is1_0.prefix,is1_0.updated_at from id_sequences is1_0 where is1_0.prefix=? for update
Hibernate: insert into id_sequences (created_at,current_number,prefix,updated_at,id) values (?,?,?,?,default)
2025-07-10T23:03:26.968+05:30  INFO 15536 --- [           main] c.e.j.service.IdGeneratorService         : Generated ID: MKTY0001 for prefix: MKTY
Hibernate: update id_sequences set created_at=?,current_number=?,prefix=?,updated_at=? where id=?
Generated: MKTY0001
Hibernate: select is1_0.id,is1_0.created_at,is1_0.current_number,is1_0.prefix,is1_0.updated_at from id_sequences is1_0 where is1_0.prefix=? for update
2025-07-10T23:03:26.987+05:30  INFO 15536 --- [           main] c.e.j.service.IdGeneratorService         : Generated ID: MKTY0002 for prefix: MKTY
Hibernate: update id_sequences set created_at=?,current_number=?,prefix=?,updated_at=? where id=?
Generated: MKTY0002
Hibernate: select is1_0.id,is1_0.created_at,is1_0.current_number,is1_0.prefix,is1_0.updated_at from id_sequences is1_0 where is1_0.prefix=? for update
2025-07-10T23:03:27.001+05:30  INFO 15536 --- [           main] c.e.j.service.IdGeneratorService         : Generated ID: MKTY0003 for prefix: MKTY
Hibernate: update id_sequences set created_at=?,current_number=?,prefix=?,updated_at=? where id=?
Generated: MKTY0003

3. Generating IDs with another prefix (TEST):
Hibernate: select is1_0.id,is1_0.created_at,is1_0.current_number,is1_0.prefix,is1_0.updated_at from id_sequences is1_0 where is1_0.prefix=? for update
Hibernate: insert into id_sequences (created_at,current_number,prefix,updated_at,id) values (?,?,?,?,default)
2025-07-10T23:03:27.020+05:30  INFO 15536 --- [           main] c.e.j.service.IdGeneratorService         : Generated ID: TEST0001 for prefix: TEST
Hibernate: update id_sequences set created_at=?,current_number=?,prefix=?,updated_at=? where id=?
Generated: TEST0001
Hibernate: select is1_0.id,is1_0.created_at,is1_0.current_number,is1_0.prefix,is1_0.updated_at from id_sequences is1_0 where is1_0.prefix=? for update
2025-07-10T23:03:27.035+05:30  INFO 15536 --- [           main] c.e.j.service.IdGeneratorService         : Generated ID: TEST0002 for prefix: TEST
Hibernate: update id_sequences set created_at=?,current_number=?,prefix=?,updated_at=? where id=?
Generated: TEST0002

4. Current numbers for each prefix:
Hibernate: select is1_0.id,is1_0.created_at,is1_0.current_number,is1_0.prefix,is1_0.updated_at from id_sequences is1_0 where is1_0.prefix=?
MRTFY current number: 3
Hibernate: select is1_0.id,is1_0.created_at,is1_0.current_number,is1_0.prefix,is1_0.updated_at from id_sequences is1_0 where is1_0.prefix=?
MKTY current number: 3
Hibernate: select is1_0.id,is1_0.created_at,is1_0.current_number,is1_0.prefix,is1_0.updated_at from id_sequences is1_0 where is1_0.prefix=?
TEST current number: 2

5. Preview next IDs (without generating):
Hibernate: select is1_0.id,is1_0.created_at,is1_0.current_number,is1_0.prefix,is1_0.updated_at from id_sequences is1_0 where is1_0.prefix=?
Next MRTFY ID would be: MRTFY0004
Hibernate: select is1_0.id,is1_0.created_at,is1_0.current_number,is1_0.prefix,is1_0.updated_at from id_sequences is1_0 where is1_0.prefix=?
Next MKTY ID would be: MKTY0004
Hibernate: select is1_0.id,is1_0.created_at,is1_0.current_number,is1_0.prefix,is1_0.updated_at from id_sequences is1_0 where is1_0.prefix=?
Next TEST ID would be: TEST0003
Hibernate: select is1_0.id,is1_0.created_at,is1_0.current_number,is1_0.prefix,is1_0.updated_at from id_sequences is1_0

6. All available prefixes: [MKTY, MRTFY, TEST]

=== ID Generator Example Complete ===

Hibernate: select u1_0.id,u1_0.auth_provider,u1_0.brand_id,u1_0.created_at,u1_0.email,u1_0.email_verified,u1_0.first_name,u1_0.last_name,u1_0.location,u1_0.password,u1_0.phone_number,u1_0.profile_picture_url,u1_0.refresh_token,u1_0.role,u1_0.tfa_enabled,u1_0.tfa_secret,u1_0.updated_at,u1_0.user_code,u1_0.user_id,u1_0.username,u1_0.verification_token from users u1_0
Hibernate: select is1_0.id,is1_0.created_at,is1_0.current_number,is1_0.prefix,is1_0.updated_at from id_sequences is1_0 where is1_0.prefix=? for update
Hibernate: insert into id_sequences (created_at,current_number,prefix,updated_at,id) values (?,?,?,?,default)
2025-07-10T23:03:28.322+05:30  INFO 15536 --- [           main] c.e.j.service.IdGeneratorService         : Generated ID: USER0001 for prefix: USER
Hibernate: update id_sequences set created_at=?,current_number=?,prefix=?,updated_at=? where id=?
Hibernate: select u1_0.id from users u1_0 where u1_0.username=? and u1_0.brand_id=? fetch first ? rows only
Hibernate: select u1_0.id from users u1_0 where u1_0.email=? and u1_0.brand_id=? fetch first ? rows only
Hibernate: insert into users (auth_provider,brand_id,created_at,email,email_verified,first_name,last_name,location,password,phone_number,profile_picture_url,refresh_token,role,tfa_enabled,tfa_secret,updated_at,user_code,user_id,username,verification_token,id) values (?,?,?,?,?,?,?,?,?,?,?,?,?,?,?,?,?,?,?,?,default)
]]></system-out>
    <system-err><![CDATA[WARNING: A Java agent has been loaded dynamically (C:\Users\tyedukondalu\.m2\repository\net\bytebuddy\byte-buddy-agent\1.14.10\byte-buddy-agent-1.14.10.jar)
WARNING: If a serviceability tool is in use, please run with -XX:+EnableDynamicAgentLoading to hide this warning
WARNING: If a serviceability tool is not in use, please run with -Djdk.instrument.traceUsage for more information
WARNING: Dynamic loading of agents will be disallowed by default in a future release
]]></system-err>
  </testcase>
  <testcase name="loginUser_success" classname="com.example.jwtauthenticator.controller.AuthControllerIntegrationTest" time="1.078">
    <system-out><![CDATA[Hibernate: select u1_0.id,u1_0.auth_provider,u1_0.brand_id,u1_0.created_at,u1_0.email,u1_0.email_verified,u1_0.first_name,u1_0.last_name,u1_0.location,u1_0.password,u1_0.phone_number,u1_0.profile_picture_url,u1_0.refresh_token,u1_0.role,u1_0.tfa_enabled,u1_0.tfa_secret,u1_0.updated_at,u1_0.user_code,u1_0.user_id,u1_0.username,u1_0.verification_token from users u1_0
Hibernate: delete from users where id=?
Hibernate: select is1_0.id,is1_0.created_at,is1_0.current_number,is1_0.prefix,is1_0.updated_at from id_sequences is1_0 where is1_0.prefix=? for update
2025-07-10T23:03:29.279+05:30  INFO 15536 --- [           main] c.e.j.service.IdGeneratorService         : Generated ID: USER0002 for prefix: USER
Hibernate: update id_sequences set created_at=?,current_number=?,prefix=?,updated_at=? where id=?
Hibernate: select u1_0.id from users u1_0 where u1_0.username=? and u1_0.brand_id=? fetch first ? rows only
Hibernate: select u1_0.id from users u1_0 where u1_0.email=? and u1_0.brand_id=? fetch first ? rows only
Hibernate: insert into users (auth_provider,brand_id,created_at,email,email_verified,first_name,last_name,location,password,phone_number,profile_picture_url,refresh_token,role,tfa_enabled,tfa_secret,updated_at,user_code,user_id,username,verification_token,id) values (?,?,?,?,?,?,?,?,?,?,?,?,?,?,?,?,?,?,?,?,default)
Hibernate: select u1_0.id,u1_0.auth_provider,u1_0.brand_id,u1_0.created_at,u1_0.email,u1_0.email_verified,u1_0.first_name,u1_0.last_name,u1_0.location,u1_0.password,u1_0.phone_number,u1_0.profile_picture_url,u1_0.refresh_token,u1_0.role,u1_0.tfa_enabled,u1_0.tfa_secret,u1_0.updated_at,u1_0.user_code,u1_0.user_id,u1_0.username,u1_0.verification_token from users u1_0 where u1_0.username=? and u1_0.brand_id=?
Hibernate: select u1_0.id,u1_0.auth_provider,u1_0.brand_id,u1_0.created_at,u1_0.email,u1_0.email_verified,u1_0.first_name,u1_0.last_name,u1_0.location,u1_0.password,u1_0.phone_number,u1_0.profile_picture_url,u1_0.refresh_token,u1_0.role,u1_0.tfa_enabled,u1_0.tfa_secret,u1_0.updated_at,u1_0.user_code,u1_0.user_id,u1_0.username,u1_0.verification_token from users u1_0 where u1_0.id=?
Hibernate: update users set auth_provider=?,brand_id=?,email=?,email_verified=?,first_name=?,last_name=?,location=?,password=?,phone_number=?,profile_picture_url=?,refresh_token=?,role=?,tfa_enabled=?,tfa_secret=?,updated_at=?,user_code=?,user_id=?,username=?,verification_token=? where id=?
AUDIT | 2025-07-10T23:03:29.662778600 | User: testuser | Event: LOGIN_ATTEMPT | Details: User attempted to log in
Hibernate: select u1_0.id,u1_0.auth_provider,u1_0.brand_id,u1_0.created_at,u1_0.email,u1_0.email_verified,u1_0.first_name,u1_0.last_name,u1_0.location,u1_0.password,u1_0.phone_number,u1_0.profile_picture_url,u1_0.refresh_token,u1_0.role,u1_0.tfa_enabled,u1_0.tfa_secret,u1_0.updated_at,u1_0.user_code,u1_0.user_id,u1_0.username,u1_0.verification_token from users u1_0 where u1_0.username=? and u1_0.brand_id=?
Hibernate: select u1_0.id,u1_0.auth_provider,u1_0.brand_id,u1_0.created_at,u1_0.email,u1_0.email_verified,u1_0.first_name,u1_0.last_name,u1_0.location,u1_0.password,u1_0.phone_number,u1_0.profile_picture_url,u1_0.refresh_token,u1_0.role,u1_0.tfa_enabled,u1_0.tfa_secret,u1_0.updated_at,u1_0.user_code,u1_0.user_id,u1_0.username,u1_0.verification_token from users u1_0 where u1_0.username=? and u1_0.brand_id=?
Hibernate: select u1_0.id,u1_0.auth_provider,u1_0.brand_id,u1_0.created_at,u1_0.email,u1_0.email_verified,u1_0.first_name,u1_0.last_name,u1_0.location,u1_0.password,u1_0.phone_number,u1_0.profile_picture_url,u1_0.refresh_token,u1_0.role,u1_0.tfa_enabled,u1_0.tfa_secret,u1_0.updated_at,u1_0.user_code,u1_0.user_id,u1_0.username,u1_0.verification_token from users u1_0 where u1_0.username=? and u1_0.brand_id=?
Hibernate: update users set auth_provider=?,brand_id=?,email=?,email_verified=?,first_name=?,last_name=?,location=?,password=?,phone_number=?,profile_picture_url=?,refresh_token=?,role=?,tfa_enabled=?,tfa_secret=?,updated_at=?,user_code=?,user_id=?,username=?,verification_token=? where id=?
Hibernate: insert into login_log (details,login_method,login_status,login_time,user_id,username,id) values (?,?,?,?,?,?,default)
LOGIN_LOG: testuser - PASSWORD - SUCCESS
AUDIT | 2025-07-10T23:03:30.215690 | User: testuser | Event: LOGIN_SUCCESS | Details: User successfully logged in
]]></system-out>
  </testcase>
</testsuite>